#
# There is insufficient memory for the Java Runtime Environment to continue.
# Native memory allocation (malloc) failed to allocate 1048576 bytes for AllocateHeap
# Possible reasons:
#   The system is out of physical RAM or swap space
#   The process is running with CompressedOops enabled, and the Java Heap may be blocking the growth of the native heap
# Possible solutions:
#   Reduce memory load on the system
#   Increase physical memory or swap space
#   Check if swap backing store is full
#   Decrease Java heap size (-Xmx/-Xms)
#   Decrease number of Java threads
#   Decrease Java thread stack sizes (-Xss)
#   Set larger code cache with -XX:ReservedCodeCacheSize=
#   JVM is running with Zero Based Compressed Oops mode in which the Java heap is
#     placed in the first 32GB address space. The Java Heap base address is the
#     maximum limit for the native heap growth. Please use -XX:HeapBaseMinAddress
#     to set the Java Heap base and to place the Java Heap above 32GB virtual address.
# This output file may be truncated or incomplete.
#
#  Out of Memory Error (memory/allocation.inline.hpp:61), pid=25256, tid=0x0000000000002e58
#
# JRE version:  (8.0_221-b11) (build )
# Java VM: Java HotSpot(TM) 64-Bit Server VM (25.221-b11 mixed mode windows-amd64 compressed oops)
# Failed to write core dump. Minidumps are not enabled by default on client versions of Windows
#

---------------  T H R E A D  ---------------

Current thread (0x0000000002de2800):  JavaThread "Unknown thread" [_thread_in_vm, id=11864, stack(0x0000000002c10000,0x0000000002d10000)]

Stack: [0x0000000002c10000,0x0000000002d10000]
[error occurred during error reporting (printing stack bounds), id 0xc0000005]

Native frames: (J=compiled Java code, j=interpreted, Vv=VM code, C=native code)


---------------  P R O C E S S  ---------------

Java Threads: ( => current thread )

Other Threads:

=>0x0000000002de2800 (exited) JavaThread "Unknown thread" [_thread_in_vm, id=11864, stack(0x0000000002c10000,0x0000000002d10000)]

VM state:not at safepoint (normal execution)

VM Mutex/Monitor currently owned by a thread: None

heap address: 0x0000000641400000, size: 6124 MB, Compressed Oops mode: Zero based, Oop shift amount: 3
Narrow klass base: 0x0000000000000000, Narrow klass shift: 3
Compressed class space size: 1073741824 Address: 0x00000007c0000000

Heap:
 PSYoungGen      total 114688K, used 1966K [0x0000000740700000, 0x0000000748700000, 0x00000007c0000000)
  eden space 98304K, 2% used [0x0000000740700000,0x00000007408eb860,0x0000000746700000)
  from space 16384K, 0% used [0x0000000747700000,0x0000000747700000,0x0000000748700000)
  to   space 16384K, 0% used [0x0000000746700000,0x0000000746700000,0x0000000747700000)
 ParOldGen       total 262144K, used 0K [0x0000000641400000, 0x0000000651400000, 0x0000000740700000)
  object space 262144K, 0% used [0x0000000641400000,0x0000000641400000,0x0000000651400000)
 Metaspace       used 776K, capacity 4480K, committed 4480K, reserved 1056768K
  class space    used 76K, capacity 384K, committed 384K, reserved 1048576K

Card table byte_map: [0x00000000122a0000,0x0000000012ea0000] byte_map_base: 0x000000000f096000

Marking Bits: (ParMarkBitMap*) 0x0000000056e15ce0
 Begin Bits: [0x0000000013ea0000, 0x0000000019e50000)
 End Bits:   [0x0000000019e50000, 0x000000001fe00000)

Polling page: 0x0000000000ed0000

CodeCache: size=245760Kb used=328Kb max_used=328Kb free=245431Kb
 bounds [0x0000000002ee0000, 0x0000000003150000, 0x0000000011ee0000]
 total_blobs=58 nmethods=0 adapters=38
 compilation: enabled

Compilation events (0 events):
No events

GC Heap History (0 events):
No events

Deoptimization events (0 events):
No events

Classes redefined (0 events):
No events

Internal exceptions (0 events):
No events

Events (10 events):
Event: 0.158 loading class java/lang/Short
Event: 0.158 loading class java/lang/Short done
Event: 0.158 loading class java/lang/Integer
Event: 0.158 loading class java/lang/Integer done
Event: 0.158 loading class java/lang/Long
Event: 0.158 loading class java/lang/Long done
Event: 0.160 loading class java/lang/NullPointerException
Event: 0.160 loading class java/lang/NullPointerException done
Event: 0.160 loading class java/lang/ArithmeticException
Event: 0.160 loading class java/lang/ArithmeticException done


Dynamic libraries:
0x00007ff6c10f0000 - 0x00007ff6c1127000 	C:\Program Files\Java\jdk1.8.0_221\bin\javaw.exe
0x00007ffcc6500000 - 0x00007ffcc66f0000 	C:\WINDOWS\SYSTEM32\ntdll.dll
0x00007ffcc49d0000 - 0x00007ffcc4a82000 	C:\WINDOWS\System32\KERNEL32.DLL
0x00007ffcc3840000 - 0x00007ffcc3ae3000 	C:\WINDOWS\System32\KERNELBASE.dll
0x00007ffcc4820000 - 0x00007ffcc48c3000 	C:\WINDOWS\System32\ADVAPI32.dll
0x00007ffcc48d0000 - 0x00007ffcc496e000 	C:\WINDOWS\System32\msvcrt.dll
0x00007ffcc5f70000 - 0x00007ffcc6007000 	C:\WINDOWS\System32\sechost.dll
0x00007ffcc5d50000 - 0x00007ffcc5e70000 	C:\WINDOWS\System32\RPCRT4.dll
0x00007ffcc5690000 - 0x00007ffcc5824000 	C:\WINDOWS\System32\USER32.dll
0x00007ffcc35e0000 - 0x00007ffcc3601000 	C:\WINDOWS\System32\win32u.dll
0x00007ffcc5f40000 - 0x00007ffcc5f66000 	C:\WINDOWS\System32\GDI32.dll
0x00007ffcc3610000 - 0x00007ffcc37a4000 	C:\WINDOWS\System32\gdi32full.dll
0x00007ffcc4510000 - 0x00007ffcc45ae000 	C:\WINDOWS\System32\msvcp_win.dll
0x00007ffcc3c90000 - 0x00007ffcc3d8a000 	C:\WINDOWS\System32\ucrtbase.dll
0x00007ffc9fe00000 - 0x00007ffca0085000 	C:\WINDOWS\WinSxS\amd64_microsoft.windows.common-controls_6595b64144ccf1df_6.0.18362.657_none_e6c5b579130e3898\COMCTL32.dll
0x00007ffcc60b0000 - 0x00007ffcc63e6000 	C:\WINDOWS\System32\combase.dll
0x00007ffcc3b60000 - 0x00007ffcc3be0000 	C:\WINDOWS\System32\bcryptPrimitives.dll
0x00007ffcc55f0000 - 0x00007ffcc561e000 	C:\WINDOWS\System32\IMM32.DLL
0x00000000559c0000 - 0x0000000055a92000 	C:\Program Files\Java\jdk1.8.0_221\jre\bin\msvcr100.dll
0x00000000565f0000 - 0x0000000056e95000 	C:\Program Files\Java\jdk1.8.0_221\jre\bin\server\jvm.dll
0x00007ffcc5d40000 - 0x00007ffcc5d48000 	C:\WINDOWS\System32\PSAPI.DLL
0x00007ffcbaab0000 - 0x00007ffcbaad4000 	C:\WINDOWS\SYSTEM32\WINMM.dll
0x00007ffcbcc90000 - 0x00007ffcbcc9a000 	C:\WINDOWS\SYSTEM32\VERSION.dll
0x00007ffcaca90000 - 0x00007ffcaca99000 	C:\WINDOWS\SYSTEM32\WSOCK32.dll
0x00007ffcc5830000 - 0x00007ffcc589f000 	C:\WINDOWS\System32\WS2_32.dll
0x00007ffcbaa80000 - 0x00007ffcbaaad000 	C:\WINDOWS\SYSTEM32\winmmbase.dll
0x00007ffcc3b10000 - 0x00007ffcc3b5a000 	C:\WINDOWS\System32\cfgmgr32.dll
0x00007ffcbed70000 - 0x00007ffcbed7f000 	C:\Program Files\Java\jdk1.8.0_221\jre\bin\verify.dll
0x00007ffcb9aa0000 - 0x00007ffcb9ac9000 	C:\Program Files\Java\jdk1.8.0_221\jre\bin\java.dll
0x00007ffcb8330000 - 0x00007ffcb8346000 	C:\Program Files\Java\jdk1.8.0_221\jre\bin\zip.dll

VM Arguments:
jvm_args: -Dfile.encoding=Cp1252 
java_command: flota.app.Main
java_class_path (initial): D:\Development\workspace\flotas\target\classes;C:\Users\user\.m2\repository\javax\persistence\javax.persistence-api\2.2\javax.persistence-api-2.2.jar;C:\Users\user\.m2\repository\org\hibernate\hibernate-core\5.3.11.Final\hibernate-core-5.3.11.Final.jar;C:\Users\user\.m2\repository\org\jboss\logging\jboss-logging\3.3.2.Final\jboss-logging-3.3.2.Final.jar;C:\Users\user\.m2\repository\org\javassist\javassist\3.23.2-GA\javassist-3.23.2-GA.jar;C:\Users\user\.m2\repository\net\bytebuddy\byte-buddy\1.9.5\byte-buddy-1.9.5.jar;C:\Users\user\.m2\repository\antlr\antlr\2.7.7\antlr-2.7.7.jar;C:\Users\user\.m2\repository\org\jboss\spec\javax\transaction\jboss-transaction-api_1.2_spec\1.1.1.Final\jboss-transaction-api_1.2_spec-1.1.1.Final.jar;C:\Users\user\.m2\repository\org\jboss\jandex\2.0.5.Final\jandex-2.0.5.Final.jar;C:\Users\user\.m2\repository\com\fasterxml\classmate\1.3.4\classmate-1.3.4.jar;C:\Users\user\.m2\repository\javax\activation\javax.activation-api\1.2.0\javax.activation-api-1.2.0.jar;C:\Users\user\.m2\repository\org\dom4j\dom4j\2.1.1\dom4j-2.1.1.jar;C:\Users\user\.m2\repository\org\hibernate\common\hibernate-commons-annotations\5.0.4.Final\hibernate-commons-annotations-5.0.4.Final.jar;D:\Development\workspace\flotas\lib\ojdbc8-full\ojdbc8.jar
Launcher Type: SUN_STANDARD

Environment Variables:
PATH=C:/Program Files/Java/jre1.8.0_241/bin/server;C:/Program Files/Java/jre1.8.0_241/bin;C:/Program Files/Java/jre1.8.0_241/lib/amd64;D:\Oracle18c\dbhomeXE\bin;C:\Program Files (x86)\Common Files\Oracle\Java\javapath;C:\Program Files (x86)\Intel\iCLS Client\;C:\Program Files\Intel\iCLS Client\;C:\Windows\system32;C:\Windows;C:\Windows\System32\Wbem;C:\Windows\System32\WindowsPowerShell\v1.0\;C:\Program Files (x86)\NVIDIA Corporation\PhysX\Common;C:\Program Files (x86)\Intel\Intel(R) Management Engine Components\DAL;C:\Program Files\Intel\Intel(R) Management Engine Components\DAL;C:\Program Files (x86)\Intel\Intel(R) Management Engine Components\IPT;C:\Program Files\Intel\Intel(R) Management Engine Components\IPT;C:\Program Files\Intel\WiFi\bin\;C:\Program Files\Common Files\Intel\WirelessCommon\;C:\Program Files (x86)\Microsoft SQL Server\100\Tools\Binn\;C:\Program Files (x86)\Microsoft SQL Server\100\DTS\Binn\;c:\Program Files (x86)\Microsoft SQL Server\100\Tools\Binn\VSShell\Common7\IDE\;c:\Program Files\Microsoft SQL Server\100\Tools\Binn\;C:\Program Files\TortoiseGit\bin;C:\Program Files\Git\cmd;C:\WINDOWS\system32;C:\WINDOWS;C:\WINDOWS\System32\Wbem;C:\WINDOWS\System32\WindowsPowerShell\v1.0\;C:\WINDOWS\System32\OpenSSH\;C:\Users\user\AppData\Local\Microsoft\WindowsApps;;D:\Program Files\Microsoft VS Code\bin;C:\Users\user\Desktop;
USERNAME=rvns
OS=Windows_NT
PROCESSOR_IDENTIFIER=Intel64 Family 6 Model 158 Stepping 9, GenuineIntel



---------------  S Y S T E M  ---------------

OS: Windows 10.0 , 64 bit Build 18362 (10.0.18362.329)

CPU:total 8 (initial active 8) (4 cores per cpu, 2 threads per core) family 6 model 158 stepping 9, cmov, cx8, fxsr, mmx, sse, sse2, sse3, ssse3, sse4.1, sse4.2, popcnt, avx, avx2, aes, clmul, erms, 3dnowpref, lzcnt, ht, tsc, tscinvbit, bmi1, bmi2, adx

Memory: 4k page, physical 25080180k(12589296k free), swap 43833968k(5960k free)

vm_info: Java HotSpot(TM) 64-Bit Server VM (25.221-b11) for windows-amd64 JRE (1.8.0_221-b11), built on Jul  4 2019 04:39:29 by "java_re" with MS VC++ 10.0 (VS2010)

time: Sun Feb 23 19:08:46 2020
timezone: Hora est. Pacífico, Sudamérica
elapsed time: 0 seconds (0d 0h 0m 0s)

